
> glyphic@1.0.0 build
> tsc && vite build

[36mvite v8.0.11 [32mbuilding client environment for production...[36m[39m
[2K
transforming...Γ£ô 4392 modules transformed.
rendering chunks...
computing gzip size...
dist/index.html                                         2.87 kB Γöé gzip:   0.85 kB
dist/assets/KaTeX_Size3-Regular-CTq5MqoE.woff           4.42 kB
dist/assets/KaTeX_Size4-Regular-Dl5lxZxV.woff2          4.92 kB
dist/assets/KaTeX_Size2-Regular-Dy4dx90m.woff2          5.20 kB
dist/assets/KaTeX_Size1-Regular-mCD8mA8B.woff2          5.46 kB
dist/assets/KaTeX_Size4-Regular-BF-4gkZK.woff           5.98 kB
dist/assets/KaTeX_Size2-Regular-oD1tc_U0.woff           6.18 kB
dist/assets/KaTeX_Size1-Regular-C195tn64.woff           6.49 kB
dist/assets/KaTeX_Caligraphic-Regular-Di6jR-x-.woff2    6.90 kB
dist/assets/KaTeX_Caligraphic-Bold-Dq_IR9rO.woff2       6.91 kB
dist/assets/KaTeX_Size3-Regular-DgpXs0kz.ttf            7.58 kB
dist/assets/KaTeX_Caligraphic-Regular-CTRA-rTL.woff     7.65 kB
dist/assets/KaTeX_Caligraphic-Bold-BEiXGLvX.woff        7.71 kB
dist/assets/KaTeX_Script-Regular-D3wIWfF6.woff2         9.64 kB
dist/assets/KaTeX_SansSerif-Regular-DDBCnlJ7.woff2     10.34 kB
dist/assets/KaTeX_Size4-Regular-DWFBv043.ttf           10.36 kB
dist/assets/KaTeX_Script-Regular-D5yQViql.woff         10.58 kB
dist/assets/KaTeX_Fraktur-Regular-CTYiF6lA.woff2       11.31 kB
dist/assets/KaTeX_Fraktur-Bold-CL6g_b3V.woff2          11.34 kB
dist/assets/KaTeX_Size2-Regular-B7gKUWhC.ttf           11.50 kB
dist/assets/KaTeX_SansSerif-Italic-C3H0VqGB.woff2      12.02 kB
dist/assets/KaTeX_SansSerif-Bold-D1sUS0GD.woff2        12.21 kB
dist/assets/KaTeX_Size1-Regular-Dbsnue_I.ttf           12.22 kB
dist/assets/KaTeX_SansSerif-Regular-CS6fqUqJ.woff      12.31 kB
dist/assets/KaTeX_Caligraphic-Regular-wX97UBjC.ttf     12.34 kB
dist/assets/KaTeX_Caligraphic-Bold-ATXxdsX0.ttf        12.36 kB
dist/assets/KaTeX_Fraktur-Regular-Dxdc4cR9.woff        13.20 kB
dist/assets/KaTeX_Fraktur-Bold-BsDP51OF.woff           13.29 kB
dist/assets/KaTeX_Typewriter-Regular-CO6r4hn1.woff2    13.56 kB
dist/assets/KaTeX_SansSerif-Italic-DN2j7dab.woff       14.11 kB
dist/assets/KaTeX_SansSerif-Bold-DbIhKOiC.woff         14.40 kB
dist/assets/KaTeX_Typewriter-Regular-C0xS9mPB.woff     16.02 kB
dist/assets/KaTeX_Math-BoldItalic-CZnvNsCZ.woff2       16.40 kB
dist/assets/KaTeX_Math-Italic-t53AETM-.woff2           16.44 kB
dist/assets/KaTeX_Script-Regular-C5JkGWo-.ttf          16.64 kB
dist/assets/KaTeX_Main-BoldItalic-DxDJ3AOS.woff2       16.78 kB
dist/assets/KaTeX_Main-Italic-NWA7e6Wa.woff2           16.98 kB
dist/assets/KaTeX_Math-BoldItalic-iY-2wyZ7.woff        18.66 kB
dist/assets/KaTeX_Math-Italic-DA0__PXp.woff            18.74 kB
dist/assets/KaTeX_Main-BoldItalic-SpSLRI95.woff        19.41 kB
dist/assets/KaTeX_SansSerif-Regular-BNo7hRIc.ttf       19.43 kB
dist/assets/KaTeX_Fraktur-Regular-CB_wures.ttf         19.57 kB
dist/assets/KaTeX_Fraktur-Bold-BdnERNNW.ttf            19.58 kB
dist/assets/KaTeX_Main-Italic-BMLOBm91.woff            19.67 kB
dist/assets/KaTeX_SansSerif-Italic-YYjJ1zSn.ttf        22.36 kB
dist/assets/KaTeX_SansSerif-Bold-CFMepnvq.ttf          24.50 kB
dist/assets/KaTeX_Main-Bold-Cx986IdX.woff2             25.32 kB
dist/assets/KaTeX_Main-Regular-B22Nviop.woff2          26.27 kB
dist/assets/KaTeX_Typewriter-Regular-D3Ib7_Hf.ttf      27.55 kB
dist/assets/KaTeX_AMS-Regular-BQhdFMY1.woff2           28.07 kB
dist/assets/KaTeX_Main-Bold-Jm3AIy58.woff              29.91 kB
dist/assets/KaTeX_Main-Regular-Dr94JaBh.woff           30.77 kB
dist/assets/KaTeX_Math-BoldItalic-B3XSjfu4.ttf         31.19 kB
dist/assets/KaTeX_Math-Italic-flOr_0UB.ttf             31.30 kB
dist/assets/KaTeX_Main-BoldItalic-DzxPMmG6.ttf         32.96 kB
dist/assets/KaTeX_AMS-Regular-DMm9YOAa.woff            33.51 kB
dist/assets/KaTeX_Main-Italic-3WenGoN9.ttf             33.58 kB
dist/assets/KaTeX_Main-Bold-waoOVXN0.ttf               51.33 kB
dist/assets/KaTeX_Main-Regular-ypZvNtVU.ttf            53.58 kB
dist/assets/KaTeX_AMS-Regular-DRggAlZN.ttf             63.63 kB
dist/assets/index-DemRBRvE.css                         40.33 kB Γöé gzip:  11.52 kB
dist/assets/clone-CU-dmQQ9.js                           0.09 kB Γöé gzip:   0.10 kB
dist/assets/array-xS8TccZC.js                           0.10 kB Γöé gzip:   0.11 kB
dist/assets/channel-n-ASsbCt.js                         0.11 kB Γöé gzip:   0.12 kB
dist/assets/pie-ZZUOXDRM-IZkzUOvA.js                    0.11 kB Γöé gzip:   0.11 kB
dist/assets/info-OMHHGYJF-BcDCSBJw.js                   0.11 kB Γöé gzip:   0.11 kB
dist/assets/radar-PYXPWWZC-ByFuYHUv.js                  0.11 kB Γöé gzip:   0.12 kB
dist/assets/packet-4T2RLAQJ-DDkGbku3.js                 0.12 kB Γöé gzip:   0.12 kB
dist/assets/treemap-W4RFUUIX-BFxZLhcl.js                0.12 kB Γöé gzip:   0.12 kB
dist/assets/wardley-RL74JXVD-D6e2Hbcz.js                0.12 kB Γöé gzip:   0.12 kB
dist/assets/gitGraph-7Q5UKJZL-DXOGzgGF.js               0.12 kB Γöé gzip:   0.12 kB
dist/assets/treeView-SZITEDCU-e7iX9QNM.js               0.12 kB Γöé gzip:   0.12 kB
dist/assets/architecture-YZFGNWBL-D1iYWMml.js           0.12 kB Γöé gzip:   0.12 kB
dist/assets/chunk-QZHKN3VN-69usx3bR.js                  0.18 kB Γöé gzip:   0.15 kB
dist/assets/chunk-4BX2VUAB-70R4PfQj.js                  0.21 kB Γöé gzip:   0.16 kB
dist/assets/chunk-55IACEB6-CEWT9Z6x.js                  0.22 kB Γöé gzip:   0.19 kB
dist/assets/dist-js-BN9Vftm2.js                         0.32 kB Γöé gzip:   0.19 kB
dist/assets/chunk-FMBD7UC4-BY-XrM9M.js                  0.35 kB Γöé gzip:   0.26 kB
dist/assets/init-DUfwXUuT.js                            0.36 kB Γöé gzip:   0.17 kB
dist/assets/chunk-FOC6F5B3-BktfEFFw.js                  0.45 kB Γöé gzip:   0.31 kB
dist/assets/chunk-2KRD3SAO-E5xhG_8B.js                  0.45 kB Γöé gzip:   0.31 kB
dist/assets/chunk-67CJDMHE-FriAf8tI.js                  0.46 kB Γöé gzip:   0.31 kB
dist/assets/chunk-KGLVRYIC-B3i1PHG0.js                  0.46 kB Γöé gzip:   0.31 kB
dist/assets/chunk-CIAEETIT-DTCodCVQ.js                  0.50 kB Γöé gzip:   0.35 kB
dist/assets/chunk-EDXVE4YY-7K-49qXn.js                  0.53 kB Γöé gzip:   0.37 kB
dist/assets/flatten-DRM7MfUJ.js                         0.57 kB Γöé gzip:   0.34 kB
dist/assets/chunk-AA7GKIK3-Bc6G8o21.js                  0.60 kB Γöé gzip:   0.39 kB
dist/assets/infoDiagram-42DDH7IO-B9OrS1lg.js            0.60 kB Γöé gzip:   0.40 kB
dist/assets/chunk-ORNJ4GCN-DrBEQCwo.js                  0.65 kB Γöé gzip:   0.40 kB
dist/assets/stateDiagram-v2-QKLJ7IA2-HfGfPeJq.js        0.66 kB Γöé gzip:   0.40 kB
dist/assets/classDiagram-6PBFFD2Q-E1C0aB8D.js           0.73 kB Γöé gzip:   0.43 kB
dist/assets/classDiagram-v2-HSJHXN6E-pUfCAfrY.js        0.73 kB Γöé gzip:   0.43 kB
dist/assets/path-D3xJ0uIQ.js                            0.75 kB Γöé gzip:   0.40 kB
dist/assets/rolldown-runtime-BTPm5ob3.js                0.88 kB Γöé gzip:   0.49 kB
dist/assets/chunk-7N4EOEYR-BXgYc7DA.js                  0.90 kB Γöé gzip:   0.49 kB
dist/assets/chunk-ZZ45TVLE-CBI_8u2f.js                  0.95 kB Γöé gzip:   0.58 kB
dist/assets/line-LXo1YF30.js                            0.95 kB Γöé gzip:   0.48 kB
dist/assets/ordinal-7TYEx_8I.js                         1.18 kB Γöé gzip:   0.57 kB
dist/assets/preload-helper-Dd-HcVz_.js                  1.19 kB Γöé gzip:   0.68 kB
dist/assets/chunk-LIHQZDEY-B8tb7w-i.js                  1.46 kB Γöé gzip:   0.78 kB
dist/assets/chunk-X2U36JSP-DHVYiAmW.js                  1.83 kB Γöé gzip:   0.90 kB
dist/assets/chunk-YZCP3GAM-0cXdmizq.js                  1.93 kB Γöé gzip:   0.87 kB
dist/assets/chunk-BSJP7CBP-DIV8OaDC.js                  2.09 kB Γöé gzip:   0.81 kB
dist/assets/core-CWZn-GVF.js                            2.13 kB Γöé gzip:   0.90 kB
dist/assets/dist-CgaYwsBA.js                            2.17 kB Γöé gzip:   0.97 kB
dist/assets/path-CA7JeXbM.js                            2.31 kB Γöé gzip:   0.99 kB
dist/assets/diagram-5BDNPKRD-CbxtCxyI.js                2.77 kB Γöé gzip:   1.34 kB
dist/assets/arc-BaERtawn.js                             3.47 kB Γöé gzip:   1.46 kB
dist/assets/esm-BMJjFtfA.js                             3.66 kB Γöé gzip:   1.74 kB
dist/assets/diagram-TYMM5635-7RAikjmE.js                4.23 kB Γöé gzip:   1.83 kB
dist/assets/webviewWindow-CkY6edW9.js                   4.61 kB Γöé gzip:   1.36 kB
dist/assets/defaultLocale-DWIMcqAN.js                   4.64 kB Γöé gzip:   2.12 kB
dist/assets/pieDiagram-DEJITSTG-DLDeVhRg.js             5.21 kB Γöé gzip:   2.26 kB
dist/assets/linear-B1t4_sSK.js                          5.74 kB Γöé gzip:   2.37 kB
dist/assets/diagram-MMDJMWI5-mPhmHFtR.js                5.76 kB Γöé gzip:   2.39 kB
dist/assets/mermaid-parser.core-59qr29vb.js             5.96 kB Γöé gzip:   1.85 kB
dist/assets/identity-1NzDfAh1.js                        7.51 kB Γöé gzip:   2.81 kB
dist/assets/PrintPreview-DoF5GUES.js                    7.82 kB Γöé gzip:   2.91 kB
dist/assets/reduce-BPGgRJUL.js                          8.58 kB Γöé gzip:   3.57 kB
dist/assets/graphlib-DwmMu1lr.js                        9.36 kB Γöé gzip:   3.18 kB
dist/assets/stateDiagram-FHFEXIEX-BxRQzu0y.js          10.51 kB Γöé gzip:   3.66 kB
dist/assets/AnnotationOverlay-DtL_zPB3.js              10.55 kB Γöé gzip:   3.91 kB
dist/assets/dagre-KV5264BT-DvbQBWmq.js                 11.07 kB Γöé gzip:   4.13 kB
dist/assets/CaptureOverlay-Cy3IGFJG.js                 11.60 kB Γöé gzip:   3.82 kB
dist/assets/diagram-G4DWMVQ6-BQtRHoGl.js               15.50 kB Γöé gzip:   5.42 kB
dist/assets/ishikawaDiagram-UXIWVN3A-D00QK3nO.js       17.29 kB Γöé gzip:   6.51 kB
dist/assets/kanban-definition-6JOO6SKY-CCbO4yTz.js     20.17 kB Γöé gzip:   7.11 kB
dist/assets/sankeyDiagram-XADWPNL6-BEsyBBTG.js         21.69 kB Γöé gzip:   7.83 kB
dist/assets/journeyDiagram-VCZTEJTY-BP9lByLx.js        23.16 kB Γöé gzip:   8.13 kB
dist/assets/mindmap-definition-QFDTVHPH-DANFWqIQ.js    23.65 kB Γöé gzip:   8.06 kB
dist/assets/wardleyDiagram-NUSXRM2D-CWlpqR86.js        23.86 kB Γöé gzip:   6.28 kB
dist/assets/erDiagram-SMLLAGMA-DN-LNOs9.js             26.80 kB Γöé gzip:   9.32 kB
dist/assets/rough.esm-DxAX5Vpo.js                      27.10 kB Γöé gzip:   8.85 kB
dist/assets/chunk-5PVQY5BW-D8uF8NXU.js                 28.19 kB Γöé gzip:   8.13 kB
dist/assets/gitGraphDiagram-UUTBAWPF-NSzyEKM6.js       28.96 kB Γöé gzip:   8.51 kB
dist/assets/timeline-definition-GMOUNBTQ-D4al452f.js   30.37 kB Γöé gzip:   9.89 kB
dist/assets/dagre-CQfI0o1M.js                          30.42 kB Γöé gzip:  10.94 kB
dist/assets/requirementDiagram-MS252O5E-ByHzkbsj.js    30.94 kB Γöé gzip:   9.75 kB
dist/assets/quadrantDiagram-34T5L4WZ-BbxyNdzZ.js       33.34 kB Γöé gzip:   9.71 kB
dist/assets/chunk-ENJZ2VHE-TkwbFsDZ.js                 33.40 kB Γöé gzip:   7.06 kB
dist/assets/chunk-OYMX7WX6-DtHRB9i5.js                 36.57 kB Γöé gzip:  11.78 kB
dist/assets/xychartDiagram-5P7HB3ND-CV1norzR.js        38.72 kB Γöé gzip:  10.71 kB
dist/assets/vennDiagram-DHZGUBPP-BbcSUzPx.js           40.62 kB Γöé gzip:  14.89 kB
dist/assets/src-BGJIsxm0.js                            45.83 kB Γöé gzip:  16.06 kB
dist/assets/chunk-4TB4RGXK-yeAmqM79.js                 46.88 kB Γöé gzip:  15.13 kB
dist/assets/chunk-U2HBQHQK-BKfmkB29.js                 52.52 kB Γöé gzip:  17.15 kB
dist/assets/ganttDiagram-T4ZO3ILL-v82TtE-f.js          54.41 kB Γöé gzip:  18.20 kB
dist/assets/flowDiagram-DWJPFMVM-d7WmG4lO.js           60.18 kB Γöé gzip:  19.48 kB
dist/assets/c4Diagram-AHTNJAMY-BzzUgR1-.js             69.16 kB Γöé gzip:  19.33 kB
dist/assets/blockDiagram-DXYQGD6D-DEwNLsFY.js          69.88 kB Γöé gzip:  19.57 kB
dist/assets/cose-bilkent-S5V4N54A-DW3Kn6uV.js          81.40 kB Γöé gzip:  21.57 kB
dist/assets/chunk-5FUZZQ4R-C-fU4-wd.js                 97.91 kB Γöé gzip:  23.41 kB
dist/assets/sequenceDiagram-FGHM5R23-xgrHRcyF.js      115.50 kB Γöé gzip:  30.40 kB
dist/assets/architectureDiagram-Q4EWVU46-BB1lsGxR.js  146.77 kB Γöé gzip:  40.24 kB
dist/assets/lowlight-BAeYHDvv.js                      161.63 kB Γöé gzip:  51.35 kB
dist/assets/react-vendor-Cr7bINLO.js                  209.49 kB Γöé gzip:  66.76 kB
dist/assets/chunk-ICPOFSXX-Bd6ciaNh.js                216.37 kB Γöé gzip:  34.17 kB
dist/assets/fabric-DunAFGKc.js                        283.63 kB Γöé gzip:  87.97 kB
dist/assets/cytoscape.esm-Cwy7gI4F.js                 434.29 kB Γöé gzip: 137.57 kB
dist/assets/chunk-K5T4RW27-BCgU2qXc.js                474.39 kB Γöé gzip: 102.31 kB
dist/assets/tiptap-Dom5cwZE.js                        624.50 kB Γöé gzip: 193.79 kB
dist/assets/index-qV2AsJ6F.js                         694.78 kB Γöé gzip: 194.46 kB

[plugin builtin:vite-reporter] 
(!) Some chunks are larger than 500 kB after minification. Consider:
- Using dynamic import() to code-split the application
- Use build.rolldownOptions.output.codeSplitting to improve chunking: https://rolldown.rs/reference/OutputOptions.codeSplitting
- Adjust chunk size limit for this warning via build.chunkSizeWarningLimit.
[32mΓ£ô built in 495ms[39m
